The target system is: Linux -  - 
The host system is: Linux - 3.2.0-69-generic - x86_64
Compiling the C compiler identification source file "CMakeCCompilerId.c" succeeded.
Compiler: /usr/bin/arm-linux-gnueabihf-gcc-4.6 
Build flags: 
Id flags: 

The output was:
0


Compilation of the C compiler identification source "CMakeCCompilerId.c" produced "a.out"

The C compiler identification is GNU, found in "/home/x0221391/new_ws_arm/build/CMakeFiles/CompilerIdC/a.out"

Compiling the CXX compiler identification source file "CMakeCXXCompilerId.cpp" succeeded.
Compiler: /usr/bin/arm-linux-gnueabihf-g++-4.6 
Build flags: 
Id flags: 

The output was:
0


Compilation of the CXX compiler identification source "CMakeCXXCompilerId.cpp" produced "a.out"

The CXX compiler identification is GNU, found in "/home/x0221391/new_ws_arm/build/CMakeFiles/CompilerIdCXX/a.out"

Determining if the C compiler works passed with the following output:
Change Dir: /home/x0221391/new_ws_arm/build/CMakeFiles/CMakeTmp

Run Build Command:/usr/bin/gmake "cmTryCompileExec627676279/fast"
/usr/bin/gmake -f CMakeFiles/cmTryCompileExec627676279.dir/build.make CMakeFiles/cmTryCompileExec627676279.dir/build
gmake[1]: Entering directory `/home/x0221391/new_ws_arm/build/CMakeFiles/CMakeTmp'
/usr/bin/cmake -E cmake_progress_report /home/x0221391/new_ws_arm/build/CMakeFiles/CMakeTmp/CMakeFiles 1
Building C object CMakeFiles/cmTryCompileExec627676279.dir/testCCompiler.c.o
/usr/bin/arm-linux-gnueabihf-gcc-4.6    -o CMakeFiles/cmTryCompileExec627676279.dir/testCCompiler.c.o   -c /home/x0221391/new_ws_arm/build/CMakeFiles/CMakeTmp/testCCompiler.c
Linking C executable cmTryCompileExec627676279
/usr/bin/cmake -E cmake_link_script CMakeFiles/cmTryCompileExec627676279.dir/link.txt --verbose=1
/usr/bin/arm-linux-gnueabihf-gcc-4.6         CMakeFiles/cmTryCompileExec627676279.dir/testCCompiler.c.o  -o cmTryCompileExec627676279 -rdynamic 
gmake[1]: Leaving directory `/home/x0221391/new_ws_arm/build/CMakeFiles/CMakeTmp'


Detecting C compiler ABI info compiled with the following output:
Change Dir: /home/x0221391/new_ws_arm/build/CMakeFiles/CMakeTmp

Run Build Command:/usr/bin/gmake "cmTryCompileExec540621045/fast"
/usr/bin/gmake -f CMakeFiles/cmTryCompileExec540621045.dir/build.make CMakeFiles/cmTryCompileExec540621045.dir/build
gmake[1]: Entering directory `/home/x0221391/new_ws_arm/build/CMakeFiles/CMakeTmp'
/usr/bin/cmake -E cmake_progress_report /home/x0221391/new_ws_arm/build/CMakeFiles/CMakeTmp/CMakeFiles 1
Building C object CMakeFiles/cmTryCompileExec540621045.dir/CMakeCCompilerABI.c.o
/usr/bin/arm-linux-gnueabihf-gcc-4.6    -o CMakeFiles/cmTryCompileExec540621045.dir/CMakeCCompilerABI.c.o   -c /usr/share/cmake-2.8/Modules/CMakeCCompilerABI.c
Linking C executable cmTryCompileExec540621045
/usr/bin/cmake -E cmake_link_script CMakeFiles/cmTryCompileExec540621045.dir/link.txt --verbose=1
/usr/bin/arm-linux-gnueabihf-gcc-4.6       -v CMakeFiles/cmTryCompileExec540621045.dir/CMakeCCompilerABI.c.o  -o cmTryCompileExec540621045 -rdynamic  
Using built-in specs.
COLLECT_GCC=/usr/bin/arm-linux-gnueabihf-gcc-4.6
COLLECT_LTO_WRAPPER=/usr/lib/gcc/arm-linux-gnueabihf/4.6/lto-wrapper
Target: arm-linux-gnueabihf
Configured with: ../src/configure -v --with-pkgversion='Ubuntu/Linaro 4.6.3-1ubuntu5' --with-bugurl=file:///usr/share/doc/gcc-4.6/README.Bugs --enable-languages=c,c++,fortran,objc,obj-c++ --prefix=/usr --program-suffix=-4.6 --enable-shared --enable-linker-build-id --with-system-zlib --libexecdir=/usr/lib --without-included-gettext --enable-threads=posix --with-gxx-include-dir=/usr/arm-linux-gnueabihf/include/c++/4.6.3 --libdir=/usr/lib --enable-nls --enable-clocale=gnu --enable-libstdcxx-debug --enable-libstdcxx-time=yes --enable-gnu-unique-object --enable-plugin --enable-objc-gc --enable-multilib --disable-sjlj-exceptions --with-arch=armv7-a --with-float=hard --with-fpu=vfpv3-d16 --with-mode=thumb --disable-werror --enable-checking=release --build=x86_64-linux-gnu --host=x86_64-linux-gnu --target=arm-linux-gnueabihf --program-prefix=arm-linux-gnueabihf- --includedir=/usr/arm-linux-gnueabihf/include --with-headers=/usr/arm-linux-gnueabihf/include --with-libs=/usr/arm-linux-gnueabihf/lib
Thread model: posix
gcc version 4.6.3 (Ubuntu/Linaro 4.6.3-1ubuntu5) 
COMPILER_PATH=/usr/lib/gcc/arm-linux-gnueabihf/4.6/:/usr/lib/gcc/arm-linux-gnueabihf/4.6/:/usr/lib/gcc/arm-linux-gnueabihf/:/usr/lib/gcc/arm-linux-gnueabihf/4.6/:/usr/lib/gcc/arm-linux-gnueabihf/:/usr/lib/gcc/arm-linux-gnueabihf/4.6/../../../../arm-linux-gnueabihf/bin/
LIBRARY_PATH=/usr/lib/gcc/arm-linux-gnueabihf/4.6/:/usr/lib/gcc/arm-linux-gnueabihf/4.6/../../../../arm-linux-gnueabihf/lib/../lib/:/usr/lib/gcc/arm-linux-gnueabihf/4.6/../../../../arm-linux-gnueabihf/lib/
COLLECT_GCC_OPTIONS='-v' '-o' 'cmTryCompileExec540621045' '-rdynamic' '-march=armv7-a' '-mfloat-abi=hard' '-mfpu=vfpv3-d16' '-mthumb'
 /usr/lib/gcc/arm-linux-gnueabihf/4.6/collect2 --build-id --no-add-needed --as-needed --eh-frame-hdr -export-dynamic -dynamic-linker /lib/ld-linux-armhf.so.3 -X --hash-style=gnu -m armelf_linux_eabi -z relro -o cmTryCompileExec540621045 /usr/lib/gcc/arm-linux-gnueabihf/4.6/../../../../arm-linux-gnueabihf/lib/../lib/crt1.o /usr/lib/gcc/arm-linux-gnueabihf/4.6/../../../../arm-linux-gnueabihf/lib/../lib/crti.o /usr/lib/gcc/arm-linux-gnueabihf/4.6/crtbegin.o -L/usr/lib/gcc/arm-linux-gnueabihf/4.6 -L/usr/lib/gcc/arm-linux-gnueabihf/4.6/../../../../arm-linux-gnueabihf/lib/../lib -L/usr/lib/gcc/arm-linux-gnueabihf/4.6/../../../../arm-linux-gnueabihf/lib -L/lib/arm-linux-gnueabihf -L/usr/lib/arm-linux-gnueabihf -L/usr/lib -L/lib CMakeFiles/cmTryCompileExec540621045.dir/CMakeCCompilerABI.c.o -lgcc --as-needed -lgcc_s --no-as-needed -lc -lgcc --as-needed -lgcc_s --no-as-needed /usr/lib/gcc/arm-linux-gnueabihf/4.6/crtend.o /usr/lib/gcc/arm-linux-gnueabihf/4.6/../../../../arm-linux-gnueabihf/lib/../lib/crtn.o
gmake[1]: Leaving directory `/home/x0221391/new_ws_arm/build/CMakeFiles/CMakeTmp'


Parsed C implicit link information from above output:
  link line regex: [^( *|.*[/\])(ld|ld|collect2)[^/\]*( |$)]
  ignore line: [Change Dir: /home/x0221391/new_ws_arm/build/CMakeFiles/CMakeTmp]
  ignore line: []
  ignore line: [Run Build Command:/usr/bin/gmake "cmTryCompileExec540621045/fast"]
  ignore line: [/usr/bin/gmake -f CMakeFiles/cmTryCompileExec540621045.dir/build.make CMakeFiles/cmTryCompileExec540621045.dir/build]
  ignore line: [gmake[1]: Entering directory `/home/x0221391/new_ws_arm/build/CMakeFiles/CMakeTmp']
  ignore line: [/usr/bin/cmake -E cmake_progress_report /home/x0221391/new_ws_arm/build/CMakeFiles/CMakeTmp/CMakeFiles 1]
  ignore line: [Building C object CMakeFiles/cmTryCompileExec540621045.dir/CMakeCCompilerABI.c.o]
  ignore line: [/usr/bin/arm-linux-gnueabihf-gcc-4.6    -o CMakeFiles/cmTryCompileExec540621045.dir/CMakeCCompilerABI.c.o   -c /usr/share/cmake-2.8/Modules/CMakeCCompilerABI.c]
  ignore line: [Linking C executable cmTryCompileExec540621045]
  ignore line: [/usr/bin/cmake -E cmake_link_script CMakeFiles/cmTryCompileExec540621045.dir/link.txt --verbose=1]
  ignore line: [/usr/bin/arm-linux-gnueabihf-gcc-4.6       -v CMakeFiles/cmTryCompileExec540621045.dir/CMakeCCompilerABI.c.o  -o cmTryCompileExec540621045 -rdynamic  ]
  ignore line: [Using built-in specs.]
  ignore line: [COLLECT_GCC=/usr/bin/arm-linux-gnueabihf-gcc-4.6]
  ignore line: [COLLECT_LTO_WRAPPER=/usr/lib/gcc/arm-linux-gnueabihf/4.6/lto-wrapper]
  ignore line: [Target: arm-linux-gnueabihf]
  ignore line: [Configured with: ../src/configure -v --with-pkgversion='Ubuntu/Linaro 4.6.3-1ubuntu5' --with-bugurl=file:///usr/share/doc/gcc-4.6/README.Bugs --enable-languages=c,c++,fortran,objc,obj-c++ --prefix=/usr --program-suffix=-4.6 --enable-shared --enable-linker-build-id --with-system-zlib --libexecdir=/usr/lib --without-included-gettext --enable-threads=posix --with-gxx-include-dir=/usr/arm-linux-gnueabihf/include/c++/4.6.3 --libdir=/usr/lib --enable-nls --enable-clocale=gnu --enable-libstdcxx-debug --enable-libstdcxx-time=yes --enable-gnu-unique-object --enable-plugin --enable-objc-gc --enable-multilib --disable-sjlj-exceptions --with-arch=armv7-a --with-float=hard --with-fpu=vfpv3-d16 --with-mode=thumb --disable-werror --enable-checking=release --build=x86_64-linux-gnu --host=x86_64-linux-gnu --target=arm-linux-gnueabihf --program-prefix=arm-linux-gnueabihf- --includedir=/usr/arm-linux-gnueabihf/include --with-headers=/usr/arm-linux-gnueabihf/include --with-libs=/usr/arm-linux-gnueabihf/lib]
  ignore line: [Thread model: posix]
  ignore line: [gcc version 4.6.3 (Ubuntu/Linaro 4.6.3-1ubuntu5) ]
  ignore line: [COMPILER_PATH=/usr/lib/gcc/arm-linux-gnueabihf/4.6/:/usr/lib/gcc/arm-linux-gnueabihf/4.6/:/usr/lib/gcc/arm-linux-gnueabihf/:/usr/lib/gcc/arm-linux-gnueabihf/4.6/:/usr/lib/gcc/arm-linux-gnueabihf/:/usr/lib/gcc/arm-linux-gnueabihf/4.6/../../../../arm-linux-gnueabihf/bin/]
  ignore line: [LIBRARY_PATH=/usr/lib/gcc/arm-linux-gnueabihf/4.6/:/usr/lib/gcc/arm-linux-gnueabihf/4.6/../../../../arm-linux-gnueabihf/lib/../lib/:/usr/lib/gcc/arm-linux-gnueabihf/4.6/../../../../arm-linux-gnueabihf/lib/]
  ignore line: [COLLECT_GCC_OPTIONS='-v' '-o' 'cmTryCompileExec540621045' '-rdynamic' '-march=armv7-a' '-mfloat-abi=hard' '-mfpu=vfpv3-d16' '-mthumb']
  link line: [ /usr/lib/gcc/arm-linux-gnueabihf/4.6/collect2 --build-id --no-add-needed --as-needed --eh-frame-hdr -export-dynamic -dynamic-linker /lib/ld-linux-armhf.so.3 -X --hash-style=gnu -m armelf_linux_eabi -z relro -o cmTryCompileExec540621045 /usr/lib/gcc/arm-linux-gnueabihf/4.6/../../../../arm-linux-gnueabihf/lib/../lib/crt1.o /usr/lib/gcc/arm-linux-gnueabihf/4.6/../../../../arm-linux-gnueabihf/lib/../lib/crti.o /usr/lib/gcc/arm-linux-gnueabihf/4.6/crtbegin.o -L/usr/lib/gcc/arm-linux-gnueabihf/4.6 -L/usr/lib/gcc/arm-linux-gnueabihf/4.6/../../../../arm-linux-gnueabihf/lib/../lib -L/usr/lib/gcc/arm-linux-gnueabihf/4.6/../../../../arm-linux-gnueabihf/lib -L/lib/arm-linux-gnueabihf -L/usr/lib/arm-linux-gnueabihf -L/usr/lib -L/lib CMakeFiles/cmTryCompileExec540621045.dir/CMakeCCompilerABI.c.o -lgcc --as-needed -lgcc_s --no-as-needed -lc -lgcc --as-needed -lgcc_s --no-as-needed /usr/lib/gcc/arm-linux-gnueabihf/4.6/crtend.o /usr/lib/gcc/arm-linux-gnueabihf/4.6/../../../../arm-linux-gnueabihf/lib/../lib/crtn.o]
    arg [/usr/lib/gcc/arm-linux-gnueabihf/4.6/collect2] ==> ignore
    arg [--build-id] ==> ignore
    arg [--no-add-needed] ==> ignore
    arg [--as-needed] ==> ignore
    arg [--eh-frame-hdr] ==> ignore
    arg [-export-dynamic] ==> ignore
    arg [-dynamic-linker] ==> ignore
    arg [/lib/ld-linux-armhf.so.3] ==> ignore
    arg [-X] ==> ignore
    arg [--hash-style=gnu] ==> ignore
    arg [-m] ==> ignore
    arg [armelf_linux_eabi] ==> ignore
    arg [-zrelro] ==> ignore
    arg [-o] ==> ignore
    arg [cmTryCompileExec540621045] ==> ignore
    arg [/usr/lib/gcc/arm-linux-gnueabihf/4.6/../../../../arm-linux-gnueabihf/lib/../lib/crt1.o] ==> ignore
    arg [/usr/lib/gcc/arm-linux-gnueabihf/4.6/../../../../arm-linux-gnueabihf/lib/../lib/crti.o] ==> ignore
    arg [/usr/lib/gcc/arm-linux-gnueabihf/4.6/crtbegin.o] ==> ignore
    arg [-L/usr/lib/gcc/arm-linux-gnueabihf/4.6] ==> dir [/usr/lib/gcc/arm-linux-gnueabihf/4.6]
    arg [-L/usr/lib/gcc/arm-linux-gnueabihf/4.6/../../../../arm-linux-gnueabihf/lib/../lib] ==> dir [/usr/lib/gcc/arm-linux-gnueabihf/4.6/../../../../arm-linux-gnueabihf/lib/../lib]
    arg [-L/usr/lib/gcc/arm-linux-gnueabihf/4.6/../../../../arm-linux-gnueabihf/lib] ==> dir [/usr/lib/gcc/arm-linux-gnueabihf/4.6/../../../../arm-linux-gnueabihf/lib]
    arg [-L/lib/arm-linux-gnueabihf] ==> dir [/lib/arm-linux-gnueabihf]
    arg [-L/usr/lib/arm-linux-gnueabihf] ==> dir [/usr/lib/arm-linux-gnueabihf]
    arg [-L/usr/lib] ==> dir [/usr/lib]
    arg [-L/lib] ==> dir [/lib]
    arg [CMakeFiles/cmTryCompileExec540621045.dir/CMakeCCompilerABI.c.o] ==> ignore
    arg [-lgcc] ==> lib [gcc]
    arg [--as-needed] ==> ignore
    arg [-lgcc_s] ==> lib [gcc_s]
    arg [--no-as-needed] ==> ignore
    arg [-lc] ==> lib [c]
    arg [-lgcc] ==> lib [gcc]
    arg [--as-needed] ==> ignore
    arg [-lgcc_s] ==> lib [gcc_s]
    arg [--no-as-needed] ==> ignore
    arg [/usr/lib/gcc/arm-linux-gnueabihf/4.6/crtend.o] ==> ignore
    arg [/usr/lib/gcc/arm-linux-gnueabihf/4.6/../../../../arm-linux-gnueabihf/lib/../lib/crtn.o] ==> ignore
  remove lib [gcc]
  remove lib [gcc_s]
  remove lib [gcc]
  remove lib [gcc_s]
  collapse dir [/usr/lib/gcc/arm-linux-gnueabihf/4.6] ==> [/usr/lib/gcc/arm-linux-gnueabihf/4.6]
  collapse dir [/usr/lib/gcc/arm-linux-gnueabihf/4.6/../../../../arm-linux-gnueabihf/lib/../lib] ==> [/usr/arm-linux-gnueabihf/lib]
  collapse dir [/usr/lib/gcc/arm-linux-gnueabihf/4.6/../../../../arm-linux-gnueabihf/lib] ==> [/usr/arm-linux-gnueabihf/lib]
  collapse dir [/lib/arm-linux-gnueabihf] ==> [/lib/arm-linux-gnueabihf]
  collapse dir [/usr/lib/arm-linux-gnueabihf] ==> [/usr/lib/arm-linux-gnueabihf]
  collapse dir [/usr/lib] ==> [/usr/lib]
  collapse dir [/lib] ==> [/lib]
  implicit libs: [c]
  implicit dirs: [/usr/lib/gcc/arm-linux-gnueabihf/4.6;/usr/arm-linux-gnueabihf/lib;/lib/arm-linux-gnueabihf;/usr/lib/arm-linux-gnueabihf;/usr/lib;/lib]


Determining if the CXX compiler works passed with the following output:
Change Dir: /home/x0221391/new_ws_arm/build/CMakeFiles/CMakeTmp

Run Build Command:/usr/bin/gmake "cmTryCompileExec273711854/fast"
/usr/bin/gmake -f CMakeFiles/cmTryCompileExec273711854.dir/build.make CMakeFiles/cmTryCompileExec273711854.dir/build
gmake[1]: Entering directory `/home/x0221391/new_ws_arm/build/CMakeFiles/CMakeTmp'
/usr/bin/cmake -E cmake_progress_report /home/x0221391/new_ws_arm/build/CMakeFiles/CMakeTmp/CMakeFiles 1
Building CXX object CMakeFiles/cmTryCompileExec273711854.dir/testCXXCompiler.cxx.o
/usr/bin/arm-linux-gnueabihf-g++-4.6     -o CMakeFiles/cmTryCompileExec273711854.dir/testCXXCompiler.cxx.o -c /home/x0221391/new_ws_arm/build/CMakeFiles/CMakeTmp/testCXXCompiler.cxx
Linking CXX executable cmTryCompileExec273711854
/usr/bin/cmake -E cmake_link_script CMakeFiles/cmTryCompileExec273711854.dir/link.txt --verbose=1
/usr/bin/arm-linux-gnueabihf-g++-4.6          CMakeFiles/cmTryCompileExec273711854.dir/testCXXCompiler.cxx.o  -o cmTryCompileExec273711854 -rdynamic 
gmake[1]: Leaving directory `/home/x0221391/new_ws_arm/build/CMakeFiles/CMakeTmp'


Detecting CXX compiler ABI info compiled with the following output:
Change Dir: /home/x0221391/new_ws_arm/build/CMakeFiles/CMakeTmp

Run Build Command:/usr/bin/gmake "cmTryCompileExec3538213915/fast"
/usr/bin/gmake -f CMakeFiles/cmTryCompileExec3538213915.dir/build.make CMakeFiles/cmTryCompileExec3538213915.dir/build
gmake[1]: Entering directory `/home/x0221391/new_ws_arm/build/CMakeFiles/CMakeTmp'
/usr/bin/cmake -E cmake_progress_report /home/x0221391/new_ws_arm/build/CMakeFiles/CMakeTmp/CMakeFiles 1
Building CXX object CMakeFiles/cmTryCompileExec3538213915.dir/CMakeCXXCompilerABI.cpp.o
/usr/bin/arm-linux-gnueabihf-g++-4.6     -o CMakeFiles/cmTryCompileExec3538213915.dir/CMakeCXXCompilerABI.cpp.o -c /usr/share/cmake-2.8/Modules/CMakeCXXCompilerABI.cpp
Linking CXX executable cmTryCompileExec3538213915
/usr/bin/cmake -E cmake_link_script CMakeFiles/cmTryCompileExec3538213915.dir/link.txt --verbose=1
/usr/bin/arm-linux-gnueabihf-g++-4.6        -v CMakeFiles/cmTryCompileExec3538213915.dir/CMakeCXXCompilerABI.cpp.o  -o cmTryCompileExec3538213915 -rdynamic  
Using built-in specs.
COLLECT_GCC=/usr/bin/arm-linux-gnueabihf-g++-4.6
COLLECT_LTO_WRAPPER=/usr/lib/gcc/arm-linux-gnueabihf/4.6/lto-wrapper
Target: arm-linux-gnueabihf
Configured with: ../src/configure -v --with-pkgversion='Ubuntu/Linaro 4.6.3-1ubuntu5' --with-bugurl=file:///usr/share/doc/gcc-4.6/README.Bugs --enable-languages=c,c++,fortran,objc,obj-c++ --prefix=/usr --program-suffix=-4.6 --enable-shared --enable-linker-build-id --with-system-zlib --libexecdir=/usr/lib --without-included-gettext --enable-threads=posix --with-gxx-include-dir=/usr/arm-linux-gnueabihf/include/c++/4.6.3 --libdir=/usr/lib --enable-nls --enable-clocale=gnu --enable-libstdcxx-debug --enable-libstdcxx-time=yes --enable-gnu-unique-object --enable-plugin --enable-objc-gc --enable-multilib --disable-sjlj-exceptions --with-arch=armv7-a --with-float=hard --with-fpu=vfpv3-d16 --with-mode=thumb --disable-werror --enable-checking=release --build=x86_64-linux-gnu --host=x86_64-linux-gnu --target=arm-linux-gnueabihf --program-prefix=arm-linux-gnueabihf- --includedir=/usr/arm-linux-gnueabihf/include --with-headers=/usr/arm-linux-gnueabihf/include --with-libs=/usr/arm-linux-gnueabihf/lib
Thread model: posix
gcc version 4.6.3 (Ubuntu/Linaro 4.6.3-1ubuntu5) 
COMPILER_PATH=/usr/lib/gcc/arm-linux-gnueabihf/4.6/:/usr/lib/gcc/arm-linux-gnueabihf/4.6/:/usr/lib/gcc/arm-linux-gnueabihf/:/usr/lib/gcc/arm-linux-gnueabihf/4.6/:/usr/lib/gcc/arm-linux-gnueabihf/:/usr/lib/gcc/arm-linux-gnueabihf/4.6/../../../../arm-linux-gnueabihf/bin/
LIBRARY_PATH=/usr/lib/gcc/arm-linux-gnueabihf/4.6/:/usr/lib/gcc/arm-linux-gnueabihf/4.6/../../../../arm-linux-gnueabihf/lib/../lib/:/usr/lib/gcc/arm-linux-gnueabihf/4.6/../../../../arm-linux-gnueabihf/lib/
COLLECT_GCC_OPTIONS='-v' '-o' 'cmTryCompileExec3538213915' '-rdynamic' '-shared-libgcc' '-march=armv7-a' '-mfloat-abi=hard' '-mfpu=vfpv3-d16' '-mthumb'
 /usr/lib/gcc/arm-linux-gnueabihf/4.6/collect2 --build-id --no-add-needed --as-needed --eh-frame-hdr -export-dynamic -dynamic-linker /lib/ld-linux-armhf.so.3 -X --hash-style=gnu -m armelf_linux_eabi -z relro -o cmTryCompileExec3538213915 /usr/lib/gcc/arm-linux-gnueabihf/4.6/../../../../arm-linux-gnueabihf/lib/../lib/crt1.o /usr/lib/gcc/arm-linux-gnueabihf/4.6/../../../../arm-linux-gnueabihf/lib/../lib/crti.o /usr/lib/gcc/arm-linux-gnueabihf/4.6/crtbegin.o -L/usr/lib/gcc/arm-linux-gnueabihf/4.6 -L/usr/lib/gcc/arm-linux-gnueabihf/4.6/../../../../arm-linux-gnueabihf/lib/../lib -L/usr/lib/gcc/arm-linux-gnueabihf/4.6/../../../../arm-linux-gnueabihf/lib -L/lib/arm-linux-gnueabihf -L/usr/lib/arm-linux-gnueabihf -L/usr/lib -L/lib CMakeFiles/cmTryCompileExec3538213915.dir/CMakeCXXCompilerABI.cpp.o -lstdc++ -lm -lgcc_s -lgcc -lc -lgcc_s -lgcc /usr/lib/gcc/arm-linux-gnueabihf/4.6/crtend.o /usr/lib/gcc/arm-linux-gnueabihf/4.6/../../../../arm-linux-gnueabihf/lib/../lib/crtn.o
gmake[1]: Leaving directory `/home/x0221391/new_ws_arm/build/CMakeFiles/CMakeTmp'


Parsed CXX implicit link information from above output:
  link line regex: [^( *|.*[/\])(ld|ld|collect2)[^/\]*( |$)]
  ignore line: [Change Dir: /home/x0221391/new_ws_arm/build/CMakeFiles/CMakeTmp]
  ignore line: []
  ignore line: [Run Build Command:/usr/bin/gmake "cmTryCompileExec3538213915/fast"]
  ignore line: [/usr/bin/gmake -f CMakeFiles/cmTryCompileExec3538213915.dir/build.make CMakeFiles/cmTryCompileExec3538213915.dir/build]
  ignore line: [gmake[1]: Entering directory `/home/x0221391/new_ws_arm/build/CMakeFiles/CMakeTmp']
  ignore line: [/usr/bin/cmake -E cmake_progress_report /home/x0221391/new_ws_arm/build/CMakeFiles/CMakeTmp/CMakeFiles 1]
  ignore line: [Building CXX object CMakeFiles/cmTryCompileExec3538213915.dir/CMakeCXXCompilerABI.cpp.o]
  ignore line: [/usr/bin/arm-linux-gnueabihf-g++-4.6     -o CMakeFiles/cmTryCompileExec3538213915.dir/CMakeCXXCompilerABI.cpp.o -c /usr/share/cmake-2.8/Modules/CMakeCXXCompilerABI.cpp]
  ignore line: [Linking CXX executable cmTryCompileExec3538213915]
  ignore line: [/usr/bin/cmake -E cmake_link_script CMakeFiles/cmTryCompileExec3538213915.dir/link.txt --verbose=1]
  ignore line: [/usr/bin/arm-linux-gnueabihf-g++-4.6        -v CMakeFiles/cmTryCompileExec3538213915.dir/CMakeCXXCompilerABI.cpp.o  -o cmTryCompileExec3538213915 -rdynamic  ]
  ignore line: [Using built-in specs.]
  ignore line: [COLLECT_GCC=/usr/bin/arm-linux-gnueabihf-g++-4.6]
  ignore line: [COLLECT_LTO_WRAPPER=/usr/lib/gcc/arm-linux-gnueabihf/4.6/lto-wrapper]
  ignore line: [Target: arm-linux-gnueabihf]
  ignore line: [Configured with: ../src/configure -v --with-pkgversion='Ubuntu/Linaro 4.6.3-1ubuntu5' --with-bugurl=file:///usr/share/doc/gcc-4.6/README.Bugs --enable-languages=c,c++,fortran,objc,obj-c++ --prefix=/usr --program-suffix=-4.6 --enable-shared --enable-linker-build-id --with-system-zlib --libexecdir=/usr/lib --without-included-gettext --enable-threads=posix --with-gxx-include-dir=/usr/arm-linux-gnueabihf/include/c++/4.6.3 --libdir=/usr/lib --enable-nls --enable-clocale=gnu --enable-libstdcxx-debug --enable-libstdcxx-time=yes --enable-gnu-unique-object --enable-plugin --enable-objc-gc --enable-multilib --disable-sjlj-exceptions --with-arch=armv7-a --with-float=hard --with-fpu=vfpv3-d16 --with-mode=thumb --disable-werror --enable-checking=release --build=x86_64-linux-gnu --host=x86_64-linux-gnu --target=arm-linux-gnueabihf --program-prefix=arm-linux-gnueabihf- --includedir=/usr/arm-linux-gnueabihf/include --with-headers=/usr/arm-linux-gnueabihf/include --with-libs=/usr/arm-linux-gnueabihf/lib]
  ignore line: [Thread model: posix]
  ignore line: [gcc version 4.6.3 (Ubuntu/Linaro 4.6.3-1ubuntu5) ]
  ignore line: [COMPILER_PATH=/usr/lib/gcc/arm-linux-gnueabihf/4.6/:/usr/lib/gcc/arm-linux-gnueabihf/4.6/:/usr/lib/gcc/arm-linux-gnueabihf/:/usr/lib/gcc/arm-linux-gnueabihf/4.6/:/usr/lib/gcc/arm-linux-gnueabihf/:/usr/lib/gcc/arm-linux-gnueabihf/4.6/../../../../arm-linux-gnueabihf/bin/]
  ignore line: [LIBRARY_PATH=/usr/lib/gcc/arm-linux-gnueabihf/4.6/:/usr/lib/gcc/arm-linux-gnueabihf/4.6/../../../../arm-linux-gnueabihf/lib/../lib/:/usr/lib/gcc/arm-linux-gnueabihf/4.6/../../../../arm-linux-gnueabihf/lib/]
  ignore line: [COLLECT_GCC_OPTIONS='-v' '-o' 'cmTryCompileExec3538213915' '-rdynamic' '-shared-libgcc' '-march=armv7-a' '-mfloat-abi=hard' '-mfpu=vfpv3-d16' '-mthumb']
  link line: [ /usr/lib/gcc/arm-linux-gnueabihf/4.6/collect2 --build-id --no-add-needed --as-needed --eh-frame-hdr -export-dynamic -dynamic-linker /lib/ld-linux-armhf.so.3 -X --hash-style=gnu -m armelf_linux_eabi -z relro -o cmTryCompileExec3538213915 /usr/lib/gcc/arm-linux-gnueabihf/4.6/../../../../arm-linux-gnueabihf/lib/../lib/crt1.o /usr/lib/gcc/arm-linux-gnueabihf/4.6/../../../../arm-linux-gnueabihf/lib/../lib/crti.o /usr/lib/gcc/arm-linux-gnueabihf/4.6/crtbegin.o -L/usr/lib/gcc/arm-linux-gnueabihf/4.6 -L/usr/lib/gcc/arm-linux-gnueabihf/4.6/../../../../arm-linux-gnueabihf/lib/../lib -L/usr/lib/gcc/arm-linux-gnueabihf/4.6/../../../../arm-linux-gnueabihf/lib -L/lib/arm-linux-gnueabihf -L/usr/lib/arm-linux-gnueabihf -L/usr/lib -L/lib CMakeFiles/cmTryCompileExec3538213915.dir/CMakeCXXCompilerABI.cpp.o -lstdc++ -lm -lgcc_s -lgcc -lc -lgcc_s -lgcc /usr/lib/gcc/arm-linux-gnueabihf/4.6/crtend.o /usr/lib/gcc/arm-linux-gnueabihf/4.6/../../../../arm-linux-gnueabihf/lib/../lib/crtn.o]
    arg [/usr/lib/gcc/arm-linux-gnueabihf/4.6/collect2] ==> ignore
    arg [--build-id] ==> ignore
    arg [--no-add-needed] ==> ignore
    arg [--as-needed] ==> ignore
    arg [--eh-frame-hdr] ==> ignore
    arg [-export-dynamic] ==> ignore
    arg [-dynamic-linker] ==> ignore
    arg [/lib/ld-linux-armhf.so.3] ==> ignore
    arg [-X] ==> ignore
    arg [--hash-style=gnu] ==> ignore
    arg [-m] ==> ignore
    arg [armelf_linux_eabi] ==> ignore
    arg [-zrelro] ==> ignore
    arg [-o] ==> ignore
    arg [cmTryCompileExec3538213915] ==> ignore
    arg [/usr/lib/gcc/arm-linux-gnueabihf/4.6/../../../../arm-linux-gnueabihf/lib/../lib/crt1.o] ==> ignore
    arg [/usr/lib/gcc/arm-linux-gnueabihf/4.6/../../../../arm-linux-gnueabihf/lib/../lib/crti.o] ==> ignore
    arg [/usr/lib/gcc/arm-linux-gnueabihf/4.6/crtbegin.o] ==> ignore
    arg [-L/usr/lib/gcc/arm-linux-gnueabihf/4.6] ==> dir [/usr/lib/gcc/arm-linux-gnueabihf/4.6]
    arg [-L/usr/lib/gcc/arm-linux-gnueabihf/4.6/../../../../arm-linux-gnueabihf/lib/../lib] ==> dir [/usr/lib/gcc/arm-linux-gnueabihf/4.6/../../../../arm-linux-gnueabihf/lib/../lib]
    arg [-L/usr/lib/gcc/arm-linux-gnueabihf/4.6/../../../../arm-linux-gnueabihf/lib] ==> dir [/usr/lib/gcc/arm-linux-gnueabihf/4.6/../../../../arm-linux-gnueabihf/lib]
    arg [-L/lib/arm-linux-gnueabihf] ==> dir [/lib/arm-linux-gnueabihf]
    arg [-L/usr/lib/arm-linux-gnueabihf] ==> dir [/usr/lib/arm-linux-gnueabihf]
    arg [-L/usr/lib] ==> dir [/usr/lib]
    arg [-L/lib] ==> dir [/lib]
    arg [CMakeFiles/cmTryCompileExec3538213915.dir/CMakeCXXCompilerABI.cpp.o] ==> ignore
    arg [-lstdc++] ==> lib [stdc++]
    arg [-lm] ==> lib [m]
    arg [-lgcc_s] ==> lib [gcc_s]
    arg [-lgcc] ==> lib [gcc]
    arg [-lc] ==> lib [c]
    arg [-lgcc_s] ==> lib [gcc_s]
    arg [-lgcc] ==> lib [gcc]
    arg [/usr/lib/gcc/arm-linux-gnueabihf/4.6/crtend.o] ==> ignore
    arg [/usr/lib/gcc/arm-linux-gnueabihf/4.6/../../../../arm-linux-gnueabihf/lib/../lib/crtn.o] ==> ignore
  remove lib [gcc_s]
  remove lib [gcc]
  remove lib [gcc_s]
  remove lib [gcc]
  collapse dir [/usr/lib/gcc/arm-linux-gnueabihf/4.6] ==> [/usr/lib/gcc/arm-linux-gnueabihf/4.6]
  collapse dir [/usr/lib/gcc/arm-linux-gnueabihf/4.6/../../../../arm-linux-gnueabihf/lib/../lib] ==> [/usr/arm-linux-gnueabihf/lib]
  collapse dir [/usr/lib/gcc/arm-linux-gnueabihf/4.6/../../../../arm-linux-gnueabihf/lib] ==> [/usr/arm-linux-gnueabihf/lib]
  collapse dir [/lib/arm-linux-gnueabihf] ==> [/lib/arm-linux-gnueabihf]
  collapse dir [/usr/lib/arm-linux-gnueabihf] ==> [/usr/lib/arm-linux-gnueabihf]
  collapse dir [/usr/lib] ==> [/usr/lib]
  collapse dir [/lib] ==> [/lib]
  implicit libs: [stdc++;m;c]
  implicit dirs: [/usr/lib/gcc/arm-linux-gnueabihf/4.6;/usr/arm-linux-gnueabihf/lib;/lib/arm-linux-gnueabihf;/usr/lib/arm-linux-gnueabihf;/usr/lib;/lib]


Determining if files pthread.h exist passed with the following output:
Change Dir: /home/x0221391/new_ws_arm/build/CMakeFiles/CMakeTmp

Run Build Command:/usr/bin/gmake "cmTryCompileExec848392441/fast"
/usr/bin/gmake -f CMakeFiles/cmTryCompileExec848392441.dir/build.make CMakeFiles/cmTryCompileExec848392441.dir/build
gmake[1]: Entering directory `/home/x0221391/new_ws_arm/build/CMakeFiles/CMakeTmp'
/usr/bin/cmake -E cmake_progress_report /home/x0221391/new_ws_arm/build/CMakeFiles/CMakeTmp/CMakeFiles 1
Building C object CMakeFiles/cmTryCompileExec848392441.dir/CheckIncludeFiles.c.o
/usr/bin/arm-linux-gnueabihf-gcc-4.6    -o CMakeFiles/cmTryCompileExec848392441.dir/CheckIncludeFiles.c.o   -c /home/x0221391/new_ws_arm/build/CMakeFiles/CMakeTmp/CheckIncludeFiles.c
Linking C executable cmTryCompileExec848392441
/usr/bin/cmake -E cmake_link_script CMakeFiles/cmTryCompileExec848392441.dir/link.txt --verbose=1
/usr/bin/arm-linux-gnueabihf-gcc-4.6         CMakeFiles/cmTryCompileExec848392441.dir/CheckIncludeFiles.c.o  -o cmTryCompileExec848392441 -rdynamic 
gmake[1]: Leaving directory `/home/x0221391/new_ws_arm/build/CMakeFiles/CMakeTmp'


Determining if the function pthread_create exists in the pthread passed with the following output:
Change Dir: /home/x0221391/new_ws_arm/build/CMakeFiles/CMakeTmp

Run Build Command:/usr/bin/gmake "cmTryCompileExec442430106/fast"
/usr/bin/gmake -f CMakeFiles/cmTryCompileExec442430106.dir/build.make CMakeFiles/cmTryCompileExec442430106.dir/build
gmake[1]: Entering directory `/home/x0221391/new_ws_arm/build/CMakeFiles/CMakeTmp'
/usr/bin/cmake -E cmake_progress_report /home/x0221391/new_ws_arm/build/CMakeFiles/CMakeTmp/CMakeFiles 1
Building C object CMakeFiles/cmTryCompileExec442430106.dir/CheckFunctionExists.c.o
/usr/bin/arm-linux-gnueabihf-gcc-4.6   -DCHECK_FUNCTION_EXISTS=pthread_create   -o CMakeFiles/cmTryCompileExec442430106.dir/CheckFunctionExists.c.o   -c /usr/share/cmake-2.8/Modules/CheckFunctionExists.c
Linking C executable cmTryCompileExec442430106
/usr/bin/cmake -E cmake_link_script CMakeFiles/cmTryCompileExec442430106.dir/link.txt --verbose=1
/usr/bin/arm-linux-gnueabihf-gcc-4.6     -DCHECK_FUNCTION_EXISTS=pthread_create    CMakeFiles/cmTryCompileExec442430106.dir/CheckFunctionExists.c.o  -o cmTryCompileExec442430106 -rdynamic -lpthread 
gmake[1]: Leaving directory `/home/x0221391/new_ws_arm/build/CMakeFiles/CMakeTmp'


