Determining if the pthread_create exist failed with the following output:
Change Dir: /home/x0221391/new_ws_arm/build_isolated/hello_world/CMakeFiles/CMakeTmp

Run Build Command:/usr/bin/gmake "cmTryCompileExec3288667572/fast"
/usr/bin/gmake -f CMakeFiles/cmTryCompileExec3288667572.dir/build.make CMakeFiles/cmTryCompileExec3288667572.dir/build
gmake[1]: Entering directory `/home/x0221391/new_ws_arm/build_isolated/hello_world/CMakeFiles/CMakeTmp'
/usr/bin/cmake -E cmake_progress_report /home/x0221391/new_ws_arm/build_isolated/hello_world/CMakeFiles/CMakeTmp/CMakeFiles 1
Building C object CMakeFiles/cmTryCompileExec3288667572.dir/CheckSymbolExists.c.o
/usr/bin/arm-linux-gnueabihf-gcc-4.6    -o CMakeFiles/cmTryCompileExec3288667572.dir/CheckSymbolExists.c.o   -c /home/x0221391/new_ws_arm/build_isolated/hello_world/CMakeFiles/CMakeTmp/CheckSymbolExists.c
Linking C executable cmTryCompileExec3288667572
/usr/bin/cmake -E cmake_link_script CMakeFiles/cmTryCompileExec3288667572.dir/link.txt --verbose=1
/usr/bin/arm-linux-gnueabihf-gcc-4.6         CMakeFiles/cmTryCompileExec3288667572.dir/CheckSymbolExists.c.o  -o cmTryCompileExec3288667572 -rdynamic 
CMakeFiles/cmTryCompileExec3288667572.dir/CheckSymbolExists.c.o: In function `main':
CheckSymbolExists.c:(.text+0x10): undefined reference to `pthread_create'
CheckSymbolExists.c:(.text+0x14): undefined reference to `pthread_create'
collect2: ld returned 1 exit status
gmake[1]: Leaving directory `/home/x0221391/new_ws_arm/build_isolated/hello_world/CMakeFiles/CMakeTmp'
gmake[1]: *** [cmTryCompileExec3288667572] Error 1
gmake: *** [cmTryCompileExec3288667572/fast] Error 2

File /home/x0221391/new_ws_arm/build_isolated/hello_world/CMakeFiles/CMakeTmp/CheckSymbolExists.c:
/* */
#include <pthread.h>

int main(int argc, char** argv)
{
  (void)argv;
#ifndef pthread_create
  return ((int*)(&pthread_create))[argc];
#else
  (void)argc;
  return 0;
#endif
}

Determining if the function pthread_create exists in the pthreads failed with the following output:
Change Dir: /home/x0221391/new_ws_arm/build_isolated/hello_world/CMakeFiles/CMakeTmp

Run Build Command:/usr/bin/gmake "cmTryCompileExec2776349608/fast"
/usr/bin/gmake -f CMakeFiles/cmTryCompileExec2776349608.dir/build.make CMakeFiles/cmTryCompileExec2776349608.dir/build
gmake[1]: Entering directory `/home/x0221391/new_ws_arm/build_isolated/hello_world/CMakeFiles/CMakeTmp'
/usr/bin/cmake -E cmake_progress_report /home/x0221391/new_ws_arm/build_isolated/hello_world/CMakeFiles/CMakeTmp/CMakeFiles 1
Building C object CMakeFiles/cmTryCompileExec2776349608.dir/CheckFunctionExists.c.o
/usr/bin/arm-linux-gnueabihf-gcc-4.6   -DCHECK_FUNCTION_EXISTS=pthread_create   -o CMakeFiles/cmTryCompileExec2776349608.dir/CheckFunctionExists.c.o   -c /usr/share/cmake-2.8/Modules/CheckFunctionExists.c
Linking C executable cmTryCompileExec2776349608
/usr/bin/cmake -E cmake_link_script CMakeFiles/cmTryCompileExec2776349608.dir/link.txt --verbose=1
/usr/bin/arm-linux-gnueabihf-gcc-4.6     -DCHECK_FUNCTION_EXISTS=pthread_create    CMakeFiles/cmTryCompileExec2776349608.dir/CheckFunctionExists.c.o  -o cmTryCompileExec2776349608 -rdynamic -lpthreads 
/usr/lib/gcc/arm-linux-gnueabihf/4.6/../../../../arm-linux-gnueabihf/bin/ld: cannot find -lpthreads
collect2: ld returned 1 exit status
gmake[1]: *** [cmTryCompileExec2776349608] Error 1
gmake[1]: Leaving directory `/home/x0221391/new_ws_arm/build_isolated/hello_world/CMakeFiles/CMakeTmp'
gmake: *** [cmTryCompileExec2776349608/fast] Error 2


